This is pdfTeX, Version 3.1415926-2.4-1.40.13 (MiKTeX 2.9 64-bit) (preloaded format=pdflatex 2019.5.11)  13 MAY 2019 15:06
entering extended mode
**originalpjt.tex
(C:\Users\Admin\Desktop\latex\latex\archana\originalpjt.tex
LaTeX2e <2011/06/27>
Babel <v3.8m> and hyphenation patterns for english, afrikaans, ancientgreek, ar
abic, armenian, assamese, basque, bengali, bokmal, bulgarian, catalan, coptic, 
croatian, czech, danish, dutch, esperanto, estonian, farsi, finnish, french, ga
lician, german, german-x-2012-05-30, greek, gujarati, hindi, hungarian, iceland
ic, indonesian, interlingua, irish, italian, kannada, kurmanji, latin, latvian,
 lithuanian, malayalam, marathi, mongolian, mongolianlmc, monogreek, ngerman, n
german-x-2012-05-30, nynorsk, oriya, panjabi, pinyin, polish, portuguese, roman
ian, russian, sanskrit, serbian, slovak, slovenian, spanish, swedish, swissgerm
an, tamil, telugu, turkish, turkmen, ukenglish, ukrainian, uppersorbian, usengl
ishmax, welsh, loaded.
("C:\Program Files\MiKTeX 2.9\tex\latex\base\report.cls"
Document Class: report 2007/10/19 v1.4h Standard LaTeX document class
("C:\Program Files\MiKTeX 2.9\tex\latex\base\size12.clo"
File: size12.clo 2007/10/19 v1.4h Standard LaTeX file (size option)
)
\c@part=\count79
\c@chapter=\count80
\c@section=\count81
\c@subsection=\count82
\c@subsubsection=\count83
\c@paragraph=\count84
\c@subparagraph=\count85
\c@figure=\count86
\c@table=\count87
\abovecaptionskip=\skip41
\belowcaptionskip=\skip42
\bibindent=\dimen102
)
("C:\Program Files\MiKTeX 2.9\tex\latex\geometry\geometry.sty"
Package: geometry 2010/09/12 v5.6 Page Geometry

("C:\Program Files\MiKTeX 2.9\tex\latex\graphics\keyval.sty"
Package: keyval 1999/03/16 v1.13 key=value parser (DPC)
\KV@toks@=\toks14
)
("C:\Program Files\MiKTeX 2.9\tex\generic\oberdiek\ifpdf.sty"
Package: ifpdf 2011/01/30 v2.3 Provides the ifpdf switch (HO)
Package ifpdf Info: pdfTeX in PDF mode is detected.
)
("C:\Program Files\MiKTeX 2.9\tex\generic\oberdiek\ifvtex.sty"
Package: ifvtex 2010/03/01 v1.5 Detect VTeX and its facilities (HO)
Package ifvtex Info: VTeX not detected.
)
("C:\Program Files\MiKTeX 2.9\tex\generic\ifxetex\ifxetex.sty"
Package: ifxetex 2010/09/12 v0.6 Provides ifxetex conditional
)
\Gm@cnth=\count88
\Gm@cntv=\count89
\c@Gm@tempcnt=\count90
\Gm@bindingoffset=\dimen103
\Gm@wd@mp=\dimen104
\Gm@odd@mp=\dimen105
\Gm@even@mp=\dimen106
\Gm@layoutwidth=\dimen107
\Gm@layoutheight=\dimen108
\Gm@layouthoffset=\dimen109
\Gm@layoutvoffset=\dimen110
\Gm@dimlist=\toks15

("C:\Program Files\MiKTeX 2.9\tex\latex\geometry\geometry.cfg"))
("C:\Program Files\MiKTeX 2.9\tex\latex\amsmath\amsmath.sty"
Package: amsmath 2013/01/14 v2.14 AMS math features
\@mathmargin=\skip43

For additional information on amsmath, use the `?' option.
("C:\Program Files\MiKTeX 2.9\tex\latex\amsmath\amstext.sty"
Package: amstext 2000/06/29 v2.01

("C:\Program Files\MiKTeX 2.9\tex\latex\amsmath\amsgen.sty"
File: amsgen.sty 1999/11/30 v2.0
\@emptytoks=\toks16
\ex@=\dimen111
))
("C:\Program Files\MiKTeX 2.9\tex\latex\amsmath\amsbsy.sty"
Package: amsbsy 1999/11/29 v1.2d
\pmbraise@=\dimen112
)
("C:\Program Files\MiKTeX 2.9\tex\latex\amsmath\amsopn.sty"
Package: amsopn 1999/12/14 v2.01 operator names
)
\inf@bad=\count91
LaTeX Info: Redefining \frac on input line 210.
\uproot@=\count92
\leftroot@=\count93
LaTeX Info: Redefining \overline on input line 306.
\classnum@=\count94
\DOTSCASE@=\count95
LaTeX Info: Redefining \ldots on input line 378.
LaTeX Info: Redefining \dots on input line 381.
LaTeX Info: Redefining \cdots on input line 466.
\Mathstrutbox@=\box26
\strutbox@=\box27
\big@size=\dimen113
LaTeX Font Info:    Redeclaring font encoding OML on input line 566.
LaTeX Font Info:    Redeclaring font encoding OMS on input line 567.
\macc@depth=\count96
\c@MaxMatrixCols=\count97
\dotsspace@=\muskip10
\c@parentequation=\count98
\dspbrk@lvl=\count99
\tag@help=\toks17
\row@=\count100
\column@=\count101
\maxfields@=\count102
\andhelp@=\toks18
\eqnshift@=\dimen114
\alignsep@=\dimen115
\tagshift@=\dimen116
\tagwidth@=\dimen117
\totwidth@=\dimen118
\lineht@=\dimen119
\@envbody=\toks19
\multlinegap=\skip44
\multlinetaggap=\skip45
\mathdisplay@stack=\toks20
LaTeX Info: Redefining \[ on input line 2665.
LaTeX Info: Redefining \] on input line 2666.
)
("C:\Program Files\MiKTeX 2.9\tex\latex\graphics\graphicx.sty"
Package: graphicx 1999/02/16 v1.0f Enhanced LaTeX Graphics (DPC,SPQR)

("C:\Program Files\MiKTeX 2.9\tex\latex\graphics\graphics.sty"
Package: graphics 2009/02/05 v1.0o Standard LaTeX Graphics (DPC,SPQR)

("C:\Program Files\MiKTeX 2.9\tex\latex\graphics\trig.sty"
Package: trig 1999/03/16 v1.09 sin cos tan (DPC)
)
("C:\Program Files\MiKTeX 2.9\tex\latex\00miktex\graphics.cfg"
File: graphics.cfg 2007/01/18 v1.5 graphics configuration of teTeX/TeXLive
)
Package graphics Info: Driver file: pdftex.def on input line 91.

("C:\Program Files\MiKTeX 2.9\tex\latex\pdftex-def\pdftex.def"
File: pdftex.def 2011/05/27 v0.06d Graphics/color for pdfTeX

("C:\Program Files\MiKTeX 2.9\tex\generic\oberdiek\infwarerr.sty"
Package: infwarerr 2010/04/08 v1.3 Providing info/warning/error messages (HO)
)
("C:\Program Files\MiKTeX 2.9\tex\generic\oberdiek\ltxcmds.sty"
Package: ltxcmds 2011/11/09 v1.22 LaTeX kernel commands for general use (HO)
)
\Gread@gobject=\count103
))
\Gin@req@height=\dimen120
\Gin@req@width=\dimen121
)
("C:\Program Files\MiKTeX 2.9\tex\latex\base\makeidx.sty"
Package: makeidx 2000/03/29 v1.0m Standard LaTeX package
)
("C:\Program Files\MiKTeX 2.9\tex\latex\listings\listings.sty"
\lst@mode=\count104
\lst@gtempboxa=\box28
\lst@token=\toks21
\lst@length=\count105
\lst@currlwidth=\dimen122
\lst@column=\count106
\lst@pos=\count107
\lst@lostspace=\dimen123
\lst@width=\dimen124
\lst@newlines=\count108
\lst@lineno=\count109
\lst@maxwidth=\dimen125

("C:\Program Files\MiKTeX 2.9\tex\latex\listings\lstmisc.sty"
File: lstmisc.sty 2007/02/22 1.4 (Carsten Heinz)
\c@lstnumber=\count110
\lst@skipnumbers=\count111
\lst@framebox=\box29
)
("C:\Program Files\MiKTeX 2.9\tex\latex\listings\listings.cfg"
File: listings.cfg 2007/02/22 1.4 listings configuration
))
Package: listings 2007/02/22 1.4 (Carsten Heinz)

("C:\Program Files\MiKTeX 2.9\tex\latex\subfigure\subfigure.sty"
Package: subfigure 2002/07/30 v2.1.4 subfigure package
\subfigtopskip=\skip46
\subfigcapskip=\skip47
\subfigcaptopadj=\dimen126
\subfigbottomskip=\skip48
\subfigcapmargin=\dimen127
\subfiglabelskip=\skip49
\c@subfigure=\count112
\c@lofdepth=\count113
\c@subtable=\count114
\c@lotdepth=\count115

****************************************
* Local config file subfigure.cfg used *
****************************************
("C:\Program Files\MiKTeX 2.9\tex\latex\subfigure\subfigure.cfg")
\subfig@top=\skip50
\subfig@bottom=\skip51
)
("C:\Program Files\MiKTeX 2.9\tex\latex\float\float.sty"
Package: float 2001/11/08 v1.3d Float enhancements (AL)
\c@float@type=\count116
\float@exts=\toks22
\float@box=\box30
\@float@everytoks=\toks23
\@floatcapt=\box31
)
("C:\Program Files\MiKTeX 2.9\tex\latex\setspace\setspace.sty"
Package: setspace 2011/12/19 v6.7a set line spacing
)
("C:\Program Files\MiKTeX 2.9\tex\latex\fancyhdr\fancyhdr.sty"
\fancy@headwidth=\skip52
\f@ncyO@elh=\skip53
\f@ncyO@erh=\skip54
\f@ncyO@olh=\skip55
\f@ncyO@orh=\skip56
\f@ncyO@elf=\skip57
\f@ncyO@erf=\skip58
\f@ncyO@olf=\skip59
\f@ncyO@orf=\skip60
)
("C:\Program Files\MiKTeX 2.9\tex\latex\sectsty\sectsty.sty"
Package: sectsty 2002/02/25 v2.0.2 Commands to change all sectional heading sty
les
)
("C:\Program Files\MiKTeX 2.9\tex\latex\lipsum\lipsum.sty"
Package: lipsum 2011/04/14 v1.2 150 paragraphs of Lorem Ipsum dummy text
\c@lips@count=\count117
)
("C:\Program Files\MiKTeX 2.9\tex\latex\pdfpages\pdfpages.sty"
Package: pdfpages 2012/08/31 v0.4t Insert pages of external PDF documents (AM)

("C:\Program Files\MiKTeX 2.9\tex\latex\base\ifthen.sty"
Package: ifthen 2001/05/26 v1.1c Standard LaTeX ifthen package (DPC)
)
("C:\Program Files\MiKTeX 2.9\tex\latex\tools\calc.sty"
Package: calc 2007/08/22 v4.3 Infix arithmetic (KKT,FJ)
\calc@Acount=\count118
\calc@Bcount=\count119
\calc@Adimen=\dimen128
\calc@Bdimen=\dimen129
\calc@Askip=\skip61
\calc@Bskip=\skip62
LaTeX Info: Redefining \setlength on input line 76.
LaTeX Info: Redefining \addtolength on input line 77.
\calc@Ccount=\count120
\calc@Cskip=\skip63
)
("C:\Program Files\MiKTeX 2.9\tex\latex\eso-pic\eso-pic.sty"
Package: eso-pic 2010/10/06 v2.0c eso-pic (RN)

("C:\Program Files\MiKTeX 2.9\tex\generic\oberdiek\atbegshi.sty"
Package: atbegshi 2011/10/05 v1.16 At begin shipout hook (HO)
)
("C:\Program Files\MiKTeX 2.9\tex\latex\xcolor\xcolor.sty"
Package: xcolor 2007/01/21 v2.11 LaTeX color extensions (UK)

("C:\Program Files\MiKTeX 2.9\tex\latex\00miktex\color.cfg"
File: color.cfg 2007/01/18 v1.5 color configuration of teTeX/TeXLive
)
Package xcolor Info: Driver file: pdftex.def on input line 225.
Package xcolor Info: Model `cmy' substituted by `cmy0' on input line 1337.
Package xcolor Info: Model `hsb' substituted by `rgb' on input line 1341.
Package xcolor Info: Model `RGB' extended on input line 1353.
Package xcolor Info: Model `HTML' substituted by `rgb' on input line 1355.
Package xcolor Info: Model `Hsb' substituted by `hsb' on input line 1356.
Package xcolor Info: Model `tHsb' substituted by `hsb' on input line 1357.
Package xcolor Info: Model `HSB' substituted by `hsb' on input line 1358.
Package xcolor Info: Model `Gray' substituted by `gray' on input line 1359.
Package xcolor Info: Model `wave' substituted by `hsb' on input line 1360.
))
("C:\Program Files\MiKTeX 2.9\tex\latex\pdfpages\pppdftex.def"
File: pppdftex.def 2012/08/31 v0.4t Pdfpages driver for pdfTeX (AM)
)
\AM@pagebox=\box32
\AM@toc@title=\toks24
\c@AM@survey=\count121
\AM@templatesizebox=\box33
)
("C:\Program Files\MiKTeX 2.9\tex\latex\titlesec\titlesec.sty"
Package: titlesec 2011/12/15 v2.10.0 Sectioning titles
\ttl@box=\box34
\beforetitleunit=\skip64
\aftertitleunit=\skip65
\ttl@plus=\dimen130
\ttl@minus=\dimen131
\ttl@toksa=\toks25
\titlewidth=\dimen132
\titlewidthlast=\dimen133
\titlewidthfirst=\dimen134
)
(C:\Users\Admin\Desktop\latex\latex\archana\originalpjt.aux

LaTeX Warning: Label `circuit' multiply defined.


LaTeX Warning: Label `circuit' multiply defined.


LaTeX Warning: Label `circuit' multiply defined.


LaTeX Warning: Label `circuit' multiply defined.


LaTeX Warning: Label `circuit' multiply defined.


LaTeX Warning: Label `circuit' multiply defined.


LaTeX Warning: Label `circuit' multiply defined.


LaTeX Warning: Label `circuit' multiply defined.


LaTeX Warning: Label `circuit' multiply defined.


LaTeX Warning: Label `circuit' multiply defined.


LaTeX Warning: Label `circuit' multiply defined.


LaTeX Warning: Label `circuit' multiply defined.


LaTeX Warning: Label `circuit' multiply defined.


LaTeX Warning: Label `circuit' multiply defined.


LaTeX Warning: Label `circuit' multiply defined.


LaTeX Warning: Label `circuit' multiply defined.


LaTeX Warning: Label `circuit' multiply defined.


LaTeX Warning: Label `circuit' multiply defined.


LaTeX Warning: Label `circuit' multiply defined.


LaTeX Warning: Label `circuit' multiply defined.


LaTeX Warning: Label `circuit' multiply defined.


LaTeX Warning: Label `circuit' multiply defined.


LaTeX Warning: Label `circuit' multiply defined.


LaTeX Warning: Label `circuit' multiply defined.


LaTeX Warning: Label `circuit' multiply defined.


LaTeX Warning: Label `circuit' multiply defined.


LaTeX Warning: Label `circuit' multiply defined.


LaTeX Warning: Label `circuit' multiply defined.


LaTeX Warning: Label `circuit' multiply defined.


LaTeX Warning: Label `circuit' multiply defined.


LaTeX Warning: Label `' multiply defined.


LaTeX Warning: Label `' multiply defined.


LaTeX Warning: Label `' multiply defined.


LaTeX Warning: Label `' multiply defined.


LaTeX Warning: Label `' multiply defined.


LaTeX Warning: Label `' multiply defined.

)
LaTeX Font Info:    Checking defaults for OML/cmm/m/it on input line 67.
LaTeX Font Info:    ... okay on input line 67.
LaTeX Font Info:    Checking defaults for T1/cmr/m/n on input line 67.
LaTeX Font Info:    ... okay on input line 67.
LaTeX Font Info:    Checking defaults for OT1/cmr/m/n on input line 67.
LaTeX Font Info:    ... okay on input line 67.
LaTeX Font Info:    Checking defaults for OMS/cmsy/m/n on input line 67.
LaTeX Font Info:    ... okay on input line 67.
LaTeX Font Info:    Checking defaults for OMX/cmex/m/n on input line 67.
LaTeX Font Info:    ... okay on input line 67.
LaTeX Font Info:    Checking defaults for U/cmr/m/n on input line 67.
LaTeX Font Info:    ... okay on input line 67.

*geometry* driver: auto-detecting
*geometry* detected driver: pdftex
*geometry* verbose mode - [ preamble ] result:
* driver: pdftex
* paper: a4paper
* layout: <same size as paper>
* layoutoffset:(h,v)=(0.0pt,0.0pt)
* modes: 
* h-part:(L,W,R)=(83.11005pt, 442.12784pt, 72.26999pt)
* v-part:(T,H,B)=(72.26999pt, 693.27942pt, 79.49744pt)
* \paperwidth=597.50787pt
* \paperheight=845.04684pt
* \textwidth=442.12784pt
* \textheight=693.27942pt
* \oddsidemargin=10.84006pt
* \evensidemargin=10.84006pt
* \topmargin=-37.0pt
* \headheight=12.0pt
* \headsep=25.0pt
* \topskip=12.0pt
* \footskip=30.0pt
* \marginparwidth=35.0pt
* \marginparsep=10.0pt
* \columnsep=10.0pt
* \skip\footins=10.8pt plus 4.0pt minus 2.0pt
* \hoffset=0.0pt
* \voffset=0.0pt
* \mag=1000
* \@twocolumnfalse
* \@twosidefalse
* \@mparswitchfalse
* \@reversemarginfalse
* (1in=72.27pt=25.4mm, 1cm=28.453pt)

("C:\Program Files\MiKTeX 2.9\tex\context\base\supp-pdf.mkii"
[Loading MPS to PDF converter (version 2006.09.02).]
\scratchcounter=\count122
\scratchdimen=\dimen135
\scratchbox=\box35
\nofMPsegments=\count123
\nofMParguments=\count124
\everyMPshowfont=\toks26
\MPscratchCnt=\count125
\MPscratchDim=\dimen136
\MPnumerator=\count126
\makeMPintoPDFobject=\count127
\everyMPtoPDFconversion=\toks27
)
\c@lstlisting=\count128
\AtBeginShipoutBox=\box36
 <ma.jpg, id=1, 120.45pt x 122.1363pt>
File: ma.jpg Graphic file (type jpg)
 <use ma.jpg>
Package pdftex.def Info: ma.jpg used on input line 70.
(pdftex.def)             Requested size: 102.38297pt x 103.81635pt.
 [1

] [2{C:/ProgramData/MiKTeX/2.9/pdftex/config/pdftex.map} <C:/Users/Admin/Deskto
p/latex/latex/archana/ma.jpg>]
File: ma.jpg Graphic file (type jpg)
 <use ma.jpg>
Package pdftex.def Info: ma.jpg used on input line 79.
(pdftex.def)             Requested size: 108.40398pt x 109.92165pt.
 [1]
Underfull \hbox (badness 10000) in paragraph at lines 105--107

 []


Underfull \hbox (badness 10000) in paragraph at lines 108--110

 []


Underfull \hbox (badness 10000) in paragraph at lines 111--113

 []


Underfull \hbox (badness 10000) in paragraph at lines 114--116

 []


Underfull \hbox (badness 10000) in paragraph at lines 117--119

 []

[1] [2] (C:\Users\Admin\Desktop\latex\latex\archana\originalpjt.toc [3

])
\tf@toc=\write3

[4] (C:\Users\Admin\Desktop\latex\latex\archana\originalpjt.lof [5

])
\tf@lof=\write4
 [6]
 {CHAPTER} 1.

Underfull \hbox (badness 10000) in paragraph at lines 175--179

 []


Underfull \hbox (badness 10000) in paragraph at lines 175--179

 []


Underfull \hbox (badness 10000) in paragraph at lines 187--189

 []

[1

]
Underfull \hbox (badness 10000) in paragraph at lines 192--204

 []


Underfull \hbox (badness 10000) in paragraph at lines 192--204

 []


Underfull \hbox (badness 10000) in paragraph at lines 192--204

 []


Underfull \hbox (badness 10000) in paragraph at lines 192--204

 []


Underfull \hbox (badness 10000) in paragraph at lines 192--204

 []


Underfull \hbox (badness 10000) in paragraph at lines 192--204

 []


Underfull \hbox (badness 10000) in paragraph at lines 192--204

 []


Package Fancyhdr Warning: \headheight is too small (12.0pt): 
 Make it at least 14.49998pt.
 We now make it that large for the rest of the document.
 This may cause the page layout to be inconsistent, however.

[2]
 {CHAPTER} 2.

Underfull \hbox (badness 10000) in paragraph at lines 209--223

 []


Underfull \hbox (badness 10000) in paragraph at lines 209--223

 []


Underfull \hbox (badness 10000) in paragraph at lines 209--223

 []

[3

]
Underfull \hbox (badness 10000) in paragraph at lines 224--239

 []


Underfull \hbox (badness 10000) in paragraph at lines 241--246

 []


Underfull \hbox (badness 10000) in paragraph at lines 247--254

 []


Package Fancyhdr Warning: \headheight is too small (12.0pt): 
 Make it at least 14.49998pt.
 We now make it that large for the rest of the document.
 This may cause the page layout to be inconsistent, however.

[4]
 {CHAPTER} 3.
<block.jpg, id=47, 572.3784pt x 256.7994pt>
File: block.jpg Graphic file (type jpg)
 <use block.jpg>
Package pdftex.def Info: block.jpg used on input line 263.
(pdftex.def)             Requested size: 228.9473pt x 102.71793pt.

<circuit1.jpg, id=48, 722.7pt x 542.025pt>
File: circuit1.jpg Graphic file (type jpg)
 <use circuit1.jpg>
Package pdftex.def Info: circuit1.jpg used on input line 270.
(pdftex.def)             Requested size: 289.07487pt x 216.80615pt.
 [5

 <C:/Users/Admin/Desktop/latex/latex/archana/block.jpg> <C:/Users/Admin/Desktop
/latex/latex/archana/circuit1.jpg>] <circuit2.jpg, id=52, 722.7pt x 479.66298pt
>
File: circuit2.jpg Graphic file (type jpg)

<use circuit2.jpg>
Package pdftex.def Info: circuit2.jpg used on input line 282.
(pdftex.def)             Requested size: 289.07487pt x 191.86179pt.
Missing character: There is no ‚ in font cmr12!
Missing character: There is no Ä in font cmr12!
Missing character: There is no ú in font cmr12!
Missing character: There is no ‚ in font cmr12!
Missing character: There is no Ä in font cmr12!
Missing character: There is no ù in font cmr12!
Missing character: There is no ‚ in font cmr12!
Missing character: There is no Ä in font cmr12!
Missing character: There is no ô in font cmr12!
 <pic1.jpg, id=53, 519.9425pt x 389.455pt>
File: pic1.jpg Graphic file (type jpg)
 <use pic1.jpg>
Package pdftex.def Info: pic1.jpg used on input line 298.
(pdftex.def)             Requested size: 415.95457pt x 311.5644pt.


LaTeX Warning: `!h' float specifier changed to `!ht'.

<pic2.jpg, id=54, 289.08pt x 281.853pt>
File: pic2.jpg Graphic file (type jpg)
 <use pic2.jpg>
Package pdftex.def Info: pic2.jpg used on input line 308.
(pdftex.def)             Requested size: 231.2643pt x 225.4827pt.


Package Fancyhdr Warning: \headheight is too small (12.0pt): 
 Make it at least 14.49998pt.
 We now make it that large for the rest of the document.
 This may cause the page layout to be inconsistent, however.

[6 <C:/Users/Admin/Desktop/latex/latex/archana/circuit2.jpg>]

Package Fancyhdr Warning: \headheight is too small (12.0pt): 
 Make it at least 14.49998pt.
 We now make it that large for the rest of the document.
 This may cause the page layout to be inconsistent, however.

[7 <C:/Users/Admin/Desktop/latex/latex/archana/pic1.jpg> <C:/Users/Admin/Deskto
p/latex/latex/archana/pic2.jpg>]
Missing character: There is no ‚ in font cmr12!
Missing character: There is no Ä in font cmr12!
Missing character: There is no ô in font cmr12!

Underfull \hbox (badness 10000) in paragraph at lines 316--318

 []

Missing character: There is no ¬ in font cmr12!
Missing character: There is no µ in font cmr12!
<xb.jpg, id=61, 602.25pt x 602.25pt>
File: xb.jpg Graphic file (type jpg)
 <use xb.jpg>
Package pdftex.def Info: xb.jpg used on input line 333.
(pdftex.def)             Requested size: 542.01999pt x 542.01999pt.

Overfull \hbox (99.89215pt too wide) in paragraph at lines 333--334
 [][] 
 []


LaTeX Warning: `!h' float specifier changed to `!ht'.

<xb1.jpg, id=62, 432.11438pt x 292.84406pt>
File: xb1.jpg Graphic file (type jpg)
 <use xb1.jpg>
Package pdftex.def Info: xb1.jpg used on input line 339.
(pdftex.def)             Requested size: 388.89934pt x 263.5572pt.


LaTeX Warning: `!h' float specifier changed to `!ht'.


Underfull \hbox (badness 10000) in paragraph at lines 343--344

 []


Underfull \hbox (badness 10000) in paragraph at lines 343--344

 []


Package Fancyhdr Warning: \headheight is too small (12.0pt): 
 Make it at least 14.49998pt.
 We now make it that large for the rest of the document.
 This may cause the page layout to be inconsistent, however.

[8] <ard.jpg, id=66, 803.0pt x 803.0pt>
File: ard.jpg Graphic file (type jpg)
 <use ard.jpg>
Package pdftex.def Info: ard.jpg used on input line 351.
(pdftex.def)             Requested size: 642.40088pt x 642.40088pt.

Overfull \hbox (200.27304pt too wide) in paragraph at lines 351--352
 [][] 
 []


LaTeX Warning: `!h' float specifier changed to `!ht'.


Package Fancyhdr Warning: \headheight is too small (12.0pt): 
 Make it at least 14.49998pt.
 We now make it that large for the rest of the document.
 This may cause the page layout to be inconsistent, however.

[9 <C:/Users/Admin/Desktop/latex/latex/archana/xb.jpg>]

Package Fancyhdr Warning: \headheight is too small (12.0pt): 
 Make it at least 14.49998pt.
 We now make it that large for the rest of the document.
 This may cause the page layout to be inconsistent, however.

[10 <C:/Users/Admin/Desktop/latex/latex/archana/xb1.jpg>]

LaTeX Warning: Text page 11 contains only floats.


Overfull \vbox (3.95477pt too high) has occurred while \output is active []



Package Fancyhdr Warning: \headheight is too small (12.0pt): 
 Make it at least 14.49998pt.
 We now make it that large for the rest of the document.
 This may cause the page layout to be inconsistent, however.

[11 <C:/Users/Admin/Desktop/latex/latex/archana/ard.jpg>]
LaTeX Font Info:    Try loading font information for OMS+cmr on input line 369.


("C:\Program Files\MiKTeX 2.9\tex\latex\base\omscmr.fd"
File: omscmr.fd 1999/05/25 v2.5h Standard LaTeX font definitions
)
LaTeX Font Info:    Font shape `OMS/cmr/m/n' in size <12> not available
(Font)              Font shape `OMS/cmsy/m/n' tried instead on input line 369.

Underfull \hbox (badness 10000) in paragraph at lines 379--381

 []


Package Fancyhdr Warning: \headheight is too small (12.0pt): 
 Make it at least 14.49998pt.
 We now make it that large for the rest of the document.
 This may cause the page layout to be inconsistent, however.

[12] <led.jpg, id=81, 523.9575pt x 523.9575pt>
File: led.jpg Graphic file (type jpg)
 <use led.jpg>
Package pdftex.def Info: led.jpg used on input line 402.
(pdftex.def)             Requested size: 261.9781pt x 261.9781pt.
Missing character: There is no ‚ in font cmr12!
Missing character: There is no Ä in font cmr12!
Missing character: There is no ù in font cmr12!
Missing character: There is no ‚ in font cmr12!
Missing character: There is no Ä in font cmr12!
Missing character: There is no ò in font cmr12!
Missing character: There is no ‚ in font cmr12!
Missing character: There is no Ä in font cmr12!
Missing character: There is no ù in font cmr12!
Missing character: There is no ‚ in font cmr12!
Missing character: There is no Ä in font cmr12!
Missing character: There is no ô in font cmr12!
File: led.jpg Graphic file (type jpg)
 <use led.jpg>
Package pdftex.def Info: led.jpg used on input line 421.
(pdftex.def)             Requested size: 209.57928pt x 209.57928pt.


LaTeX Warning: `!h' float specifier changed to `!ht'.

File: led.jpg Graphic file (type jpg)
<use led.jpg>
Package pdftex.def Info: led.jpg used on input line 439.
(pdftex.def)             Requested size: 261.9781pt x 261.9781pt.

Underfull \hbox (badness 10000) in paragraph at lines 428--443

 []


Package Fancyhdr Warning: \headheight is too small (12.0pt): 
 Make it at least 14.49998pt.
 We now make it that large for the rest of the document.
 This may cause the page layout to be inconsistent, however.

[13 <C:/Users/Admin/Desktop/latex/latex/archana/led.jpg>]
File: led.jpg Graphic file (type jpg)
 <use led.jpg>
Package pdftex.def Info: led.jpg used on input line 457.
(pdftex.def)             Requested size: 523.95622pt x 523.95622pt.

Overfull \hbox (81.82838pt too wide) in paragraph at lines 457--458
 [][] 
 []


LaTeX Warning: `!h' float specifier changed to `!ht'.


Package Fancyhdr Warning: \headheight is too small (12.0pt): 
 Make it at least 14.49998pt.
 We now make it that large for the rest of the document.
 This may cause the page layout to be inconsistent, however.

[14]
File: led.jpg Graphic file (type jpg)
 <use led.jpg>
Package pdftex.def Info: led.jpg used on input line 466.
(pdftex.def)             Requested size: 366.76775pt x 366.76775pt.


LaTeX Warning: `!h' float specifier changed to `!ht'.

Missing character: There is no ‚ in font cmr12!
Missing character: There is no Ä in font cmr12!
Missing character: There is no ô in font cmr12!

Underfull \hbox (badness 10000) in paragraph at lines 471--476

 []


Package Fancyhdr Warning: \headheight is too small (12.0pt): 
 Make it at least 14.49998pt.
 We now make it that large for the rest of the document.
 This may cause the page layout to be inconsistent, however.

[15]

Package Fancyhdr Warning: \headheight is too small (12.0pt): 
 Make it at least 14.49998pt.
 We now make it that large for the rest of the document.
 This may cause the page layout to be inconsistent, however.

[16]
Missing character: There is no ‚ in font cmr12!
Missing character: There is no Ä in font cmr12!
Missing character: There is no ô in font cmr12!
Missing character: There is no ‚ in font cmr12!
Missing character: There is no Ä in font cmr12!
Missing character: There is no ô in font cmr12!
Missing character: There is no ‚ in font cmr12!
Missing character: There is no Ä in font cmr12!
Missing character: There is no ô in font cmr12!


Package Fancyhdr Warning: \headheight is too small (12.0pt): 
 Make it at least 14.49998pt.
 We now make it that large for the rest of the document.
 This may cause the page layout to be inconsistent, however.

[17]
Missing character: There is no ‚ in font cmr12!
Missing character: There is no Ä in font cmr12!
Missing character: There is no ô in font cmr12!
Missing character: There is no ‚ in font cmr12!
Missing character: There is no Ä in font cmr12!
Missing character: There is no ú in font cmr12!
Missing character: There is no ‚ in font cmr12!
Missing character: There is no Ä in font cmr12!
Missing character: There is no ù in font cmr12!
File: led.jpg Graphic file (type jpg)
 <use led.jpg>
Package pdftex.def Info: led.jpg used on input line 510.
(pdftex.def)             Requested size: 419.16656pt x 419.16656pt.


LaTeX Warning: `!h' float specifier changed to `!ht'.

File: led.jpg Graphic file (type jpg)
<use led.jpg>
Package pdftex.def Info: led.jpg used on input line 517.
(pdftex.def)             Requested size: 366.76775pt x 366.76775pt.


LaTeX Warning: `!h' float specifier changed to `!ht'.


Package Fancyhdr Warning: \headheight is too small (12.0pt): 
 Make it at least 14.49998pt.
 We now make it that large for the rest of the document.
 This may cause the page layout to be inconsistent, however.

[18]
Underfull \hbox (badness 10000) in paragraph at lines 527--544

 []


Underfull \hbox (badness 10000) in paragraph at lines 527--544

 []


Package Fancyhdr Warning: \headheight is too small (12.0pt): 
 Make it at least 14.49998pt.
 We now make it that large for the rest of the document.
 This may cause the page layout to be inconsistent, however.

[19]

Package Fancyhdr Warning: \headheight is too small (12.0pt): 
 Make it at least 14.49998pt.
 We now make it that large for the rest of the document.
 This may cause the page layout to be inconsistent, however.

[20]
File: led.jpg Graphic file (type jpg)
 <use led.jpg>
Package pdftex.def Info: led.jpg used on input line 548.
(pdftex.def)             Requested size: 523.95622pt x 523.95622pt.

Overfull \hbox (81.82838pt too wide) in paragraph at lines 548--549
 [][] 
 []

File: led.jpg Graphic file (type jpg)
<use led.jpg>
Package pdftex.def Info: led.jpg used on input line 557.
(pdftex.def)             Requested size: 523.95622pt x 523.95622pt.

Overfull \hbox (81.82838pt too wide) in paragraph at lines 557--558
 [][] 
 []


LaTeX Warning: `!h' float specifier changed to `!ht'.

File: led.jpg Graphic file (type jpg)
<use led.jpg>
Package pdftex.def Info: led.jpg used on input line 565.
(pdftex.def)             Requested size: 419.16656pt x 419.16656pt.


LaTeX Warning: `!h' float specifier changed to `!ht'.


Underfull \hbox (badness 10000) in paragraph at lines 570--572

 []


Package Fancyhdr Warning: \headheight is too small (12.0pt): 
 Make it at least 14.49998pt.
 We now make it that large for the rest of the document.
 This may cause the page layout to be inconsistent, however.

[21]
Missing character: There is no ‚ in font cmr12!
Missing character: There is no Ä in font cmr12!
Missing character: There is no ô in font cmr12!


Package Fancyhdr Warning: \headheight is too small (12.0pt): 
 Make it at least 14.49998pt.
 We now make it that large for the rest of the document.
 This may cause the page layout to be inconsistent, however.

[22]

Package Fancyhdr Warning: \headheight is too small (12.0pt): 
 Make it at least 14.49998pt.
 We now make it that large for the rest of the document.
 This may cause the page layout to be inconsistent, however.

[23]
Missing character: There is no ‚ in font cmr12!
Missing character: There is no Ä in font cmr12!
Missing character: There is no ú in font cmr12!
Missing character: There is no ‚ in font cmr12!
Missing character: There is no Ä in font cmr12!
Missing character: There is no ù in font cmr12!
Missing character: There is no ‚ in font cmr12!
Missing character: There is no Ä in font cmr12!
Missing character: There is no ô in font cmr12!


Package Fancyhdr Warning: \headheight is too small (12.0pt): 
 Make it at least 14.49998pt.
 We now make it that large for the rest of the document.
 This may cause the page layout to be inconsistent, however.

[24]
Missing character: There is no ‚ in font cmr12!
Missing character: There is no Ä in font cmr12!
Missing character: There is no ú in font cmr12!
Missing character: There is no ‚ in font cmr12!
Missing character: There is no Ä in font cmr12!
Missing character: There is no ù in font cmr12!
Missing character: There is no ‚ in font cmr12!
Missing character: There is no Ä in font cmr12!
Missing character: There is no ú in font cmr12!
Missing character: There is no ‚ in font cmr12!
Missing character: There is no Ä in font cmr12!
Missing character: There is no ù in font cmr12!
Missing character: There is no ‚ in font cmr12!
Missing character: There is no Ä in font cmr12!
Missing character: There is no ú in font cmr12!
Missing character: There is no ‚ in font cmr12!
Missing character: There is no Ä in font cmr12!
Missing character: There is no ù in font cmr12!
Missing character: There is no ‚ in font cmr12!
Missing character: There is no Ä in font cmr12!
Missing character: There is no ú in font cmr12!
Missing character: There is no ‚ in font cmr12!
Missing character: There is no Ä in font cmr12!
Missing character: There is no ù in font cmr12!

Underfull \hbox (badness 10000) in paragraph at lines 601--616

 []


Underfull \hbox (badness 10000) in paragraph at lines 601--616

 []


Underfull \hbox (badness 10000) in paragraph at lines 617--625

 []

Missing character: There is no ‚ in font cmr12!
Missing character: There is no Ä in font cmr12!
Missing character: There is no ù in font cmr12!
Missing character: There is no ‚ in font cmr12!
Missing character: There is no Ä in font cmr12!
Missing character: There is no ú in font cmr12!
Missing character: There is no ‚ in font cmr12!
Missing character: There is no Ä in font cmr12!
Missing character: There is no ù in font cmr12!

Underfull \hbox (badness 10000) in paragraph at lines 626--633

 []


Package Fancyhdr Warning: \headheight is too small (12.0pt): 
 Make it at least 14.49998pt.
 We now make it that large for the rest of the document.
 This may cause the page layout to be inconsistent, however.

[25]
Underfull \hbox (badness 10000) in paragraph at lines 634--640

 []


Package Fancyhdr Warning: \headheight is too small (12.0pt): 
 Make it at least 14.49998pt.
 We now make it that large for the rest of the document.
 This may cause the page layout to be inconsistent, however.

[26]
Missing character: There is no ‚ in font cmr12!
Missing character: There is no Ä in font cmr12!
Missing character: There is no ô in font cmr12!

Underfull \hbox (badness 10000) in paragraph at lines 670--705

 []


Underfull \hbox (badness 10000) in paragraph at lines 670--705

 []


Underfull \hbox (badness 10000) in paragraph at lines 670--705

 []


Underfull \hbox (badness 10000) in paragraph at lines 670--705

 []


Package Fancyhdr Warning: \headheight is too small (12.0pt): 
 Make it at least 14.49998pt.
 We now make it that large for the rest of the document.
 This may cause the page layout to be inconsistent, however.

[27]

Package Fancyhdr Warning: \headheight is too small (12.0pt): 
 Make it at least 14.49998pt.
 We now make it that large for the rest of the document.
 This may cause the page layout to be inconsistent, however.

[28]
 {CHAPTER} 4.

Underfull \hbox (badness 10000) in paragraph at lines 714--716

 []

File: led.jpg Graphic file (type jpg)
<use led.jpg>
Package pdftex.def Info: led.jpg used on input line 721.
(pdftex.def)             Requested size: 419.16656pt x 419.16656pt.


LaTeX Warning: `!h' float specifier changed to `!ht'.

File: led.jpg Graphic file (type jpg)
<use led.jpg>
Package pdftex.def Info: led.jpg used on input line 728.
(pdftex.def)             Requested size: 471.55739pt x 471.55739pt.

Overfull \hbox (29.42955pt too wide) in paragraph at lines 728--729
 [][] 
 []


LaTeX Warning: `!h' float specifier changed to `!ht'.

File: led.jpg Graphic file (type jpg)
<use led.jpg>
Package pdftex.def Info: led.jpg used on input line 735.
(pdftex.def)             Requested size: 261.9781pt x 261.9781pt.


LaTeX Warning: `!h' float specifier changed to `!ht'.

File: led.jpg Graphic file (type jpg)
<use led.jpg>
Package pdftex.def Info: led.jpg used on input line 742.
(pdftex.def)             Requested size: 261.9781pt x 261.9781pt.


LaTeX Warning: `!h' float specifier changed to `!ht'.

File: led.jpg Graphic file (type jpg)
<use led.jpg>
Package pdftex.def Info: led.jpg used on input line 749.
(pdftex.def)             Requested size: 261.9781pt x 261.9781pt.


LaTeX Warning: `!h' float specifier changed to `!ht'.

File: led.jpg Graphic file (type jpg)
<use led.jpg>
Package pdftex.def Info: led.jpg used on input line 756.
(pdftex.def)             Requested size: 261.9781pt x 261.9781pt.


LaTeX Warning: `!h' float specifier changed to `!ht'.

[29

]

Package Fancyhdr Warning: \headheight is too small (12.0pt): 
 Make it at least 14.49998pt.
 We now make it that large for the rest of the document.
 This may cause the page layout to be inconsistent, however.

[30]

Package Fancyhdr Warning: \headheight is too small (12.0pt): 
 Make it at least 14.49998pt.
 We now make it that large for the rest of the document.
 This may cause the page layout to be inconsistent, however.

[31]

Package Fancyhdr Warning: \headheight is too small (12.0pt): 
 Make it at least 14.49998pt.
 We now make it that large for the rest of the document.
 This may cause the page layout to be inconsistent, however.

[32]

Package Fancyhdr Warning: \headheight is too small (12.0pt): 
 Make it at least 14.49998pt.
 We now make it that large for the rest of the document.
 This may cause the page layout to be inconsistent, however.

[33]
 {CHAPTER} 5.
File: led.jpg Graphic file (type jpg)
<use led.jpg>
Package pdftex.def Info: led.jpg used on input line 771.
(pdftex.def)             Requested size: 471.55739pt x 471.55739pt.

Overfull \hbox (29.42955pt too wide) in paragraph at lines 771--772
 [][] 
 []


LaTeX Warning: `!h' float specifier changed to `!ht'.

[34

]
Missing character: There is no ‚ in font cmr12!
Missing character: There is no Ä in font cmr12!
Missing character: There is no ò in font cmr12!
Missing character: There is no ‚ in font cmr12!
Missing character: There is no Ä in font cmr12!
Missing character: There is no ô in font cmr12!


Package Fancyhdr Warning: \headheight is too small (12.0pt): 
 Make it at least 14.49998pt.
 We now make it that large for the rest of the document.
 This may cause the page layout to be inconsistent, however.

[35]
File: led.jpg Graphic file (type jpg)
 <use led.jpg>
Package pdftex.def Info: led.jpg used on input line 789.
(pdftex.def)             Requested size: 366.76775pt x 366.76775pt.


Package Fancyhdr Warning: \headheight is too small (12.0pt): 
 Make it at least 14.49998pt.
 We now make it that large for the rest of the document.
 This may cause the page layout to be inconsistent, however.

[36]
File: led.jpg Graphic file (type jpg)
 <use led.jpg>
Package pdftex.def Info: led.jpg used on input line 800.
(pdftex.def)             Requested size: 261.9781pt x 261.9781pt.


Package Fancyhdr Warning: \headheight is too small (12.0pt): 
 Make it at least 14.49998pt.
 We now make it that large for the rest of the document.
 This may cause the page layout to be inconsistent, however.

[37]
Underfull \hbox (badness 10000) in paragraph at lines 827--828

 []


Underfull \hbox (badness 10000) in paragraph at lines 827--828

 []

File: led.jpg Graphic file (type jpg)
<use led.jpg>
Package pdftex.def Info: led.jpg used on input line 831.
(pdftex.def)             Requested size: 366.76775pt x 366.76775pt.


Package Fancyhdr Warning: \headheight is too small (12.0pt): 
 Make it at least 14.49998pt.
 We now make it that large for the rest of the document.
 This may cause the page layout to be inconsistent, however.

[38]
File: led.jpg Graphic file (type jpg)
 <use led.jpg>
Package pdftex.def Info: led.jpg used on input line 846.
(pdftex.def)             Requested size: 314.37692pt x 314.37692pt.
File: led.jpg Graphic file (type jpg)
 <use led.jpg>
Package pdftex.def Info: led.jpg used on input line 855.
(pdftex.def)             Requested size: 183.38786pt x 183.38786pt.


LaTeX Warning: `!h' float specifier changed to `!ht'.

File: led.jpg Graphic file (type jpg)
<use led.jpg>
Package pdftex.def Info: led.jpg used on input line 862.
(pdftex.def)             Requested size: 314.37692pt x 314.37692pt.


LaTeX Warning: `!h' float specifier changed to `!ht'.


Package Fancyhdr Warning: \headheight is too small (12.0pt): 
 Make it at least 14.49998pt.
 We now make it that large for the rest of the document.
 This may cause the page layout to be inconsistent, however.

[39]

Package Fancyhdr Warning: \headheight is too small (12.0pt): 
 Make it at least 14.49998pt.
 We now make it that large for the rest of the document.
 This may cause the page layout to be inconsistent, however.

[40]
 {CHAPTER} 6.
[41

]
Missing character: There is no ‚ in font cmr12!
Missing character: There is no Ä in font cmr12!
Missing character: There is no ú in font cmr12!
Missing character: There is no ‚ in font cmr12!
Missing character: There is no Ä in font cmr12!
Missing character: There is no ù in font cmr12!
 [42

] (C:\Users\Admin\Desktop\latex\latex\archana\originalpjt.aux)

LaTeX Warning: There were multiply-defined labels.

 ) 
Here is how much of TeX's memory you used:
 5666 strings out of 493921
 77425 string characters out of 3147282
 247558 words of memory out of 3000000
 8872 multiletter control sequences out of 15000+200000
 11721 words of font info for 42 fonts, out of 3000000 for 9000
 841 hyphenation exceptions out of 8191
 37i,11n,43p,1170b,343s stack positions out of 5000i,500n,10000p,200000b,50000s
<C:/Program Files/MiKTeX 2.9/fonts/type1/public/amsfonts/cm/cmbx12.pfb><C:/Pr
ogram Files/MiKTeX 2.9/fonts/type1/public/amsfonts/cm/cmbxti10.pfb><C:/Program 
Files/MiKTeX 2.9/fonts/type1/public/amsfonts/cm/cmr12.pfb><C:/Program Files/MiK
TeX 2.9/fonts/type1/public/amsfonts/cm/cmsy10.pfb><C:/Program Files/MiKTeX 2.9/
fonts/type1/public/amsfonts/cm/cmti12.pfb>
Output written on originalpjt.pdf (51 pages, 665231 bytes).
PDF statistics:
 197 PDF objects out of 1000 (max. 8388607)
 0 named destinations out of 1000 (max. 500000)
 51 words of extra memory for PDF output out of 10000 (max. 10000000)

